TN:
SF:/home/ruben/dev/platziverse/platziverse-db/index.js
FN:9,(anonymous_0)
FNF:1
FNH:1
FNDA:3,(anonymous_0)
DA:3,3
DA:4,3
DA:5,3
DA:6,3
DA:7,3
DA:9,3
DA:10,3
DA:22,3
DA:23,3
DA:24,3
DA:26,3
DA:27,3
DA:29,3
DA:31,3
DA:32,0
DA:35,3
DA:36,3
DA:38,3
LF:18
LH:17
BRDA:31,0,0,0
BRDA:31,0,1,3
BRF:2
BRH:1
end_of_record
TN:
SF:/home/ruben/dev/platziverse/platziverse-db/lib/agent.js
FN:3,(anonymous_0)
FN:4,findById
FNF:2
FNH:2
FNDA:3,(anonymous_0)
FNDA:1,findById
DA:3,1
DA:5,1
DA:8,3
LF:3
LH:3
BRF:0
BRH:0
end_of_record
TN:
SF:/home/ruben/dev/platziverse/platziverse-db/lib/db.js
FN:7,setupDatabase
FNF:1
FNH:1
FNDA:3,setupDatabase
DA:3,1
DA:5,1
DA:7,1
DA:8,3
DA:9,1
DA:11,3
LF:6
LH:6
BRDA:8,0,0,1
BRDA:8,0,1,2
BRF:2
BRH:2
end_of_record
TN:
SF:/home/ruben/dev/platziverse/platziverse-db/models/agent.js
FN:6,(anonymous_0)
FNF:1
FNH:0
FNDA:0,(anonymous_0)
DA:3,1
DA:4,1
DA:6,1
DA:7,0
DA:9,0
LF:5
LH:3
BRF:0
BRH:0
end_of_record
TN:
SF:/home/ruben/dev/platziverse/platziverse-db/models/metric.js
FN:6,setupMetricModel
FNF:1
FNH:0
FNDA:0,setupMetricModel
DA:3,1
DA:4,1
DA:6,1
DA:7,0
DA:9,0
LF:5
LH:3
BRF:0
BRH:0
end_of_record
