TN:
SF:/home/ruben/dev/platziverse/platziverse-db/index.js
FN:9,(anonymous_0)
FNF:1
FNH:1
FNDA:4,(anonymous_0)
DA:3,4
DA:4,4
DA:5,4
DA:6,4
DA:7,4
DA:9,4
DA:10,4
DA:22,4
DA:23,4
DA:24,4
DA:26,4
DA:27,4
DA:29,4
DA:31,4
DA:32,0
DA:35,4
DA:36,4
DA:38,4
LF:18
LH:17
BRDA:31,0,0,0
BRDA:31,0,1,4
BRF:2
BRH:1
end_of_record
TN:
SF:/home/ruben/dev/platziverse/platziverse-db/lib/agent.js
FN:3,(anonymous_0)
FN:4,findById
FN:8,createOrUpdate
FNF:3
FNH:3
FNDA:4,(anonymous_0)
FNDA:1,findById
FNDA:1,createOrUpdate
DA:3,1
DA:5,1
DA:9,1
DA:15,1
DA:17,1
DA:18,1
DA:19,1
DA:22,0
DA:23,0
DA:26,4
LF:10
LH:8
BRDA:17,0,0,1
BRDA:17,0,1,0
BRDA:19,1,0,1
BRDA:19,1,1,0
BRF:4
BRH:2
end_of_record
TN:
SF:/home/ruben/dev/platziverse/platziverse-db/lib/db.js
FN:7,setupDatabase
FNF:1
FNH:1
FNDA:4,setupDatabase
DA:3,1
DA:5,1
DA:7,1
DA:8,4
DA:9,1
DA:11,4
LF:6
LH:6
BRDA:8,0,0,1
BRDA:8,0,1,3
BRF:2
BRH:2
end_of_record
TN:
SF:/home/ruben/dev/platziverse/platziverse-db/models/agent.js
FN:6,(anonymous_0)
FNF:1
FNH:0
FNDA:0,(anonymous_0)
DA:3,1
DA:4,1
DA:6,1
DA:7,0
DA:9,0
LF:5
LH:3
BRF:0
BRH:0
end_of_record
TN:
SF:/home/ruben/dev/platziverse/platziverse-db/models/metric.js
FN:6,setupMetricModel
FNF:1
FNH:0
FNDA:0,setupMetricModel
DA:3,1
DA:4,1
DA:6,1
DA:7,0
DA:9,0
LF:5
LH:3
BRF:0
BRH:0
end_of_record
